2024-09-23 03:00:03.372 +07:00 [INF] Loaded with configuration from: appsettings.json, C:\homeautio\HomeAutio.Mqtt.GoogleHome-3.0.0.15\src\HomeAutio.Mqtt.GoogleHome\appsettings.Development.json
2024-09-23 03:00:04.224 +07:00 [INF] Starting IdentityServer4 version 4.1.2+997a6cdd643e46cd5762b710c4ddc43574cbec2e
2024-09-23 03:00:04.279 +07:00 [INF] Restored tokens from config/tokens.json
2024-09-23 03:00:04.300 +07:00 [INF] Using the default authentication scheme Cookies for IdentityServer
2024-09-23 03:00:04.739 +07:00 [INF] Loaded device configuration from config/googleDevices.json
2024-09-23 03:00:04.817 +07:00 [INF] User profile is available. Using 'C:\Users\user\AppData\Local\ASP.NET\DataProtection-Keys' as key repository and Windows DPAPI to encrypt keys at rest.
2024-09-23 03:00:04.822 +07:00 [INF] Service start initiated
2024-09-23 03:00:04.825 +07:00 [INF] MQTT subscribing to the following topics: google/home/commands/+/set, google/home/state/outlet/AGF65T/onoff, google/home/state/switch/1434TYRE/onoff
2024-09-23 03:00:04.829 +07:00 [INF] Started
2024-09-23 03:00:04.831 +07:00 [INF] Service started successfully
2024-09-23 03:00:04.934 +07:00 [INF] Now listening on: https://localhost:51293
2024-09-23 03:00:04.935 +07:00 [INF] Now listening on: http://localhost:51294
2024-09-23 03:00:04.964 +07:00 [INF] Application started. Press Ctrl+C to shut down.
2024-09-23 03:00:04.965 +07:00 [INF] Hosting environment: Development
2024-09-23 03:00:04.966 +07:00 [INF] Content root path: C:\homeautio\HomeAutio.Mqtt.GoogleHome-3.0.0.15\src\HomeAutio.Mqtt.GoogleHome
2024-09-23 03:00:05.157 +07:00 [INF] Connected.
2024-09-23 03:00:05.161 +07:00 [INF] MQTT Connection established
2024-09-23 03:00:05.164 +07:00 [INF] Publishing subscriptions at reconnect
2024-09-23 03:00:05.464 +07:00 [INF] Request starting HTTP/2 GET https://localhost:51293/ - -
2024-09-23 03:00:05.581 +07:00 [INF] Authorization failed. These requirements were not met:
DenyAnonymousAuthorizationRequirement: Requires an authenticated user.
2024-09-23 03:00:05.588 +07:00 [INF] AuthenticationScheme: Cookies was challenged.
2024-09-23 03:00:05.591 +07:00 [INF] Request finished HTTP/2 GET https://localhost:51293/ - - - 302 0 - 128.6011ms
2024-09-23 03:00:05.597 +07:00 [INF] Request starting HTTP/2 GET https://localhost:51293/Account/Login?ReturnUrl=%2F - -
2024-09-23 03:00:05.606 +07:00 [INF] Executing endpoint 'IdentityServerHost.Quickstart.UI.AccountController.Login (IdentityServerHost.Quickstart.UI)'
2024-09-23 03:00:05.622 +07:00 [INF] Route matched with {action = "Login", controller = "Account"}. Executing controller action with signature System.Threading.Tasks.Task`1[Microsoft.AspNetCore.Mvc.IActionResult] Login(System.String) on controller IdentityServerHost.Quickstart.UI.AccountController (IdentityServerHost.Quickstart.UI).
2024-09-23 03:00:05.649 +07:00 [INF] Executing ViewResult, running view Login.
2024-09-23 03:00:05.730 +07:00 [INF] Executed ViewResult - view Login executed in 81.686ms.
2024-09-23 03:00:05.738 +07:00 [INF] Executed action IdentityServerHost.Quickstart.UI.AccountController.Login (IdentityServerHost.Quickstart.UI) in 114.6632ms
2024-09-23 03:00:05.739 +07:00 [INF] Executed endpoint 'IdentityServerHost.Quickstart.UI.AccountController.Login (IdentityServerHost.Quickstart.UI)'
2024-09-23 03:00:05.743 +07:00 [INF] Request finished HTTP/2 GET https://localhost:51293/Account/Login?ReturnUrl=%2F - - - 200 - text/html;+charset=utf-8 146.3076ms
2024-09-23 03:00:05.748 +07:00 [INF] Request starting HTTP/2 GET https://localhost:51293/_framework/aspnetcore-browser-refresh.js - -
2024-09-23 03:00:05.749 +07:00 [INF] Request starting HTTP/2 GET https://localhost:51293/_vs/browserLink - -
2024-09-23 03:00:05.753 +07:00 [INF] Request finished HTTP/2 GET https://localhost:51293/_framework/aspnetcore-browser-refresh.js - - - 200 12382 application/javascript;+charset=utf-8 4.3739ms
2024-09-23 03:00:05.819 +07:00 [INF] Request finished HTTP/2 GET https://localhost:51293/_vs/browserLink - - - 200 - text/javascript;+charset=UTF-8 70.1352ms
